<?xml version="1.0" encoding="UTF-8"?>
<testng-results skipped="0" failed="0" ignored="4" total="8" passed="4">
  <reporter-output>
  </reporter-output>
  <suite name="Default suite" duration-ms="65014" started-at="2021-05-19T13:29:15Z" finished-at="2021-05-19T13:30:20Z">
    <groups>
    </groups>
    <test name="Default test" duration-ms="65014" started-at="2021-05-19T13:29:15Z" finished-at="2021-05-19T13:30:20Z">
      <class name="com.virventure.qa.testcases.FBMOrdersPageTest">
        <test-method status="PASS" signature="ExtentReportsetUp()[pri:0, instance:com.virventure.qa.testcases.FBMOrdersPageTest@19d37183]" name="ExtentReportsetUp" is-config="true" duration-ms="250" started-at="2021-05-19T13:29:15Z" finished-at="2021-05-19T13:29:15Z">
          <reporter-output>
          </reporter-output>
        </test-method> <!-- ExtentReportsetUp -->
        <test-method status="PASS" signature="setup()[pri:0, instance:com.virventure.qa.testcases.FBMOrdersPageTest@19d37183]" name="setup" is-config="true" duration-ms="7240" started-at="2021-05-19T13:29:16Z" finished-at="2021-05-19T13:29:23Z">
          <reporter-output>
          </reporter-output>
        </test-method> <!-- setup -->
        <test-method status="PASS" signature="FBMOrderPageFilterByVenueTest(java.lang.String, java.lang.String, java.lang.String)[pri:4, instance:com.virventure.qa.testcases.FBMOrdersPageTest@19d37183]" name="FBMOrderPageFilterByVenueTest" duration-ms="9324" started-at="2021-05-19T13:29:23Z" data-provider="getFBMData" finished-at="2021-05-19T13:29:33Z">
          <params>
            <param index="0">
              <value>
                <![CDATA[Amazon.com]]>
              </value>
            </param>
            <param index="1">
              <value>
                <![CDATA[Open - MO Pending]]>
              </value>
            </param>
            <param index="2">
              <value>
                <![CDATA[114-8176198-5446645]]>
              </value>
            </param>
          </params>
          <reporter-output>
          </reporter-output>
        </test-method> <!-- FBMOrderPageFilterByVenueTest -->
        <test-method status="PASS" signature="tearDown(org.testng.ITestResult)[pri:0, instance:com.virventure.qa.testcases.FBMOrdersPageTest@19d37183]" name="tearDown" is-config="true" duration-ms="123" started-at="2021-05-19T13:29:33Z" finished-at="2021-05-19T13:29:33Z">
          <params>
            <param index="0">
              <value>
                <![CDATA[[TestResult name=FBMOrderPageFilterByVenueTest status=SUCCESS method=FBMOrdersPageTest.FBMOrderPageFilterByVenueTest(java.lang.String, java.lang.String, java.lang.String)[pri:4, instance:com.virventure.qa.testcases.FBMOrdersPageTest@19d37183] output={null}]]]>
              </value>
            </param>
          </params>
          <reporter-output>
          </reporter-output>
        </test-method> <!-- tearDown -->
        <test-method status="PASS" signature="setup()[pri:0, instance:com.virventure.qa.testcases.FBMOrdersPageTest@19d37183]" name="setup" is-config="true" duration-ms="6269" started-at="2021-05-19T13:29:33Z" finished-at="2021-05-19T13:29:39Z">
          <reporter-output>
          </reporter-output>
        </test-method> <!-- setup -->
        <test-method status="PASS" signature="FBMOrderPageFilterByVenueTest(java.lang.String, java.lang.String, java.lang.String)[pri:4, instance:com.virventure.qa.testcases.FBMOrdersPageTest@19d37183]" name="FBMOrderPageFilterByVenueTest" duration-ms="8988" started-at="2021-05-19T13:29:39Z" data-provider="getFBMData" finished-at="2021-05-19T13:29:48Z">
          <params>
            <param index="0">
              <value>
                <![CDATA[Amazon.com]]>
              </value>
            </param>
            <param index="1">
              <value>
                <![CDATA[Open - On Hold]]>
              </value>
            </param>
            <param index="2">
              <value>
                <![CDATA[114-8149194-0358663]]>
              </value>
            </param>
          </params>
          <reporter-output>
          </reporter-output>
        </test-method> <!-- FBMOrderPageFilterByVenueTest -->
        <test-method status="PASS" signature="tearDown(org.testng.ITestResult)[pri:0, instance:com.virventure.qa.testcases.FBMOrdersPageTest@19d37183]" name="tearDown" is-config="true" duration-ms="121" started-at="2021-05-19T13:29:48Z" finished-at="2021-05-19T13:29:48Z">
          <params>
            <param index="0">
              <value>
                <![CDATA[[TestResult name=FBMOrderPageFilterByVenueTest status=SUCCESS method=FBMOrdersPageTest.FBMOrderPageFilterByVenueTest(java.lang.String, java.lang.String, java.lang.String)[pri:4, instance:com.virventure.qa.testcases.FBMOrdersPageTest@19d37183] output={null}]]]>
              </value>
            </param>
          </params>
          <reporter-output>
          </reporter-output>
        </test-method> <!-- tearDown -->
        <test-method status="PASS" signature="setup()[pri:0, instance:com.virventure.qa.testcases.FBMOrdersPageTest@19d37183]" name="setup" is-config="true" duration-ms="6554" started-at="2021-05-19T13:29:48Z" finished-at="2021-05-19T13:29:55Z">
          <reporter-output>
          </reporter-output>
        </test-method> <!-- setup -->
        <test-method status="PASS" signature="FBMOrderPageFilterByVenueTest(java.lang.String, java.lang.String, java.lang.String)[pri:4, instance:com.virventure.qa.testcases.FBMOrdersPageTest@19d37183]" name="FBMOrderPageFilterByVenueTest" duration-ms="9799" started-at="2021-05-19T13:29:55Z" data-provider="getFBMData" finished-at="2021-05-19T13:30:04Z">
          <params>
            <param index="0">
              <value>
                <![CDATA[Amazon.com]]>
              </value>
            </param>
            <param index="1">
              <value>
                <![CDATA[Open - Shipment Pending]]>
              </value>
            </param>
            <param index="2">
              <value>
                <![CDATA[112-2281775-5300227]]>
              </value>
            </param>
          </params>
          <reporter-output>
          </reporter-output>
        </test-method> <!-- FBMOrderPageFilterByVenueTest -->
        <test-method status="PASS" signature="tearDown(org.testng.ITestResult)[pri:0, instance:com.virventure.qa.testcases.FBMOrdersPageTest@19d37183]" name="tearDown" is-config="true" duration-ms="166" started-at="2021-05-19T13:30:04Z" finished-at="2021-05-19T13:30:05Z">
          <params>
            <param index="0">
              <value>
                <![CDATA[[TestResult name=FBMOrderPageFilterByVenueTest status=SUCCESS method=FBMOrdersPageTest.FBMOrderPageFilterByVenueTest(java.lang.String, java.lang.String, java.lang.String)[pri:4, instance:com.virventure.qa.testcases.FBMOrdersPageTest@19d37183] output={null}]]]>
              </value>
            </param>
          </params>
          <reporter-output>
          </reporter-output>
        </test-method> <!-- tearDown -->
        <test-method status="PASS" signature="setup()[pri:0, instance:com.virventure.qa.testcases.FBMOrdersPageTest@19d37183]" name="setup" is-config="true" duration-ms="6629" started-at="2021-05-19T13:30:05Z" finished-at="2021-05-19T13:30:11Z">
          <reporter-output>
          </reporter-output>
        </test-method> <!-- setup -->
        <test-method status="PASS" signature="FBMOrderPageFilterByVenueTest(java.lang.String, java.lang.String, java.lang.String)[pri:4, instance:com.virventure.qa.testcases.FBMOrdersPageTest@19d37183]" name="FBMOrderPageFilterByVenueTest" duration-ms="9141" started-at="2021-05-19T13:30:11Z" data-provider="getFBMData" finished-at="2021-05-19T13:30:20Z">
          <params>
            <param index="0">
              <value>
                <![CDATA[Amazon.com]]>
              </value>
            </param>
            <param index="1">
              <value>
                <![CDATA[Cancelled]]>
              </value>
            </param>
            <param index="2">
              <value>
                <![CDATA[503-1874981-3171830]]>
              </value>
            </param>
          </params>
          <reporter-output>
          </reporter-output>
        </test-method> <!-- FBMOrderPageFilterByVenueTest -->
        <test-method status="PASS" signature="tearDown(org.testng.ITestResult)[pri:0, instance:com.virventure.qa.testcases.FBMOrdersPageTest@19d37183]" name="tearDown" is-config="true" duration-ms="170" started-at="2021-05-19T13:30:20Z" finished-at="2021-05-19T13:30:20Z">
          <params>
            <param index="0">
              <value>
                <![CDATA[[TestResult name=FBMOrderPageFilterByVenueTest status=SUCCESS method=FBMOrdersPageTest.FBMOrderPageFilterByVenueTest(java.lang.String, java.lang.String, java.lang.String)[pri:4, instance:com.virventure.qa.testcases.FBMOrdersPageTest@19d37183] output={null}]]]>
              </value>
            </param>
          </params>
          <reporter-output>
          </reporter-output>
        </test-method> <!-- tearDown -->
        <test-method status="PASS" signature="tearExtentReport()[pri:0, instance:com.virventure.qa.testcases.FBMOrdersPageTest@19d37183]" name="tearExtentReport" is-config="true" duration-ms="328" started-at="2021-05-19T13:30:21Z" finished-at="2021-05-19T13:30:21Z">
          <reporter-output>
          </reporter-output>
        </test-method> <!-- tearExtentReport -->
      </class> <!-- com.virventure.qa.testcases.FBMOrdersPageTest -->
    </test> <!-- Default test -->
  </suite> <!-- Default suite -->
</testng-results>
