<?xml version="1.0" encoding="UTF-8"?>
<testng-results skipped="0" failed="0" ignored="7" total="8" passed="1">
  <reporter-output>
  </reporter-output>
  <suite name="Default suite" duration-ms="20010" started-at="2021-05-19T06:53:41Z" finished-at="2021-05-19T06:54:01Z">
    <groups>
    </groups>
    <test name="Default test" duration-ms="20010" started-at="2021-05-19T06:53:41Z" finished-at="2021-05-19T06:54:01Z">
      <class name="com.virventure.qa.testcases.RMASearchPageTest">
        <test-method status="PASS" signature="setupExtentReport()[pri:0, instance:com.virventure.qa.testcases.RMASearchPageTest@1a0dcaa]" name="setupExtentReport" is-config="true" duration-ms="260" started-at="2021-05-19T06:53:40Z" finished-at="2021-05-19T06:53:41Z">
          <reporter-output>
          </reporter-output>
        </test-method> <!-- setupExtentReport -->
        <test-method status="PASS" signature="setup()[pri:0, instance:com.virventure.qa.testcases.RMASearchPageTest@1a0dcaa]" name="setup" is-config="true" duration-ms="7467" started-at="2021-05-19T06:53:41Z" finished-at="2021-05-19T06:53:48Z">
          <reporter-output>
          </reporter-output>
        </test-method> <!-- setup -->
        <test-method status="PASS" signature="SearchRMAFilterPONumberTest()[pri:7, instance:com.virventure.qa.testcases.RMASearchPageTest@1a0dcaa]" name="SearchRMAFilterPONumberTest" duration-ms="12384" started-at="2021-05-19T06:53:48Z" finished-at="2021-05-19T06:54:00Z">
          <reporter-output>
          </reporter-output>
        </test-method> <!-- SearchRMAFilterPONumberTest -->
        <test-method status="PASS" signature="tearDown(org.testng.ITestResult)[pri:0, instance:com.virventure.qa.testcases.RMASearchPageTest@1a0dcaa]" name="tearDown" is-config="true" duration-ms="142" started-at="2021-05-19T06:54:01Z" finished-at="2021-05-19T06:54:01Z">
          <params>
            <param index="0">
              <value>
                <![CDATA[[TestResult name=SearchRMAFilterPONumberTest status=SUCCESS method=RMASearchPageTest.SearchRMAFilterPONumberTest()[pri:7, instance:com.virventure.qa.testcases.RMASearchPageTest@1a0dcaa] output={null}]]]>
              </value>
            </param>
          </params>
          <reporter-output>
          </reporter-output>
        </test-method> <!-- tearDown -->
        <test-method status="PASS" signature="tearExtentReport()[pri:0, instance:com.virventure.qa.testcases.RMASearchPageTest@1a0dcaa]" name="tearExtentReport" is-config="true" duration-ms="311" started-at="2021-05-19T06:54:01Z" finished-at="2021-05-19T06:54:01Z">
          <reporter-output>
          </reporter-output>
        </test-method> <!-- tearExtentReport -->
      </class> <!-- com.virventure.qa.testcases.RMASearchPageTest -->
    </test> <!-- Default test -->
  </suite> <!-- Default suite -->
</testng-results>
