<?xml version="1.0" encoding="UTF-8"?>
<!-- Generated by org.testng.reporters.JUnitXMLReporter -->
<testsuite hostname="DESKTOP-8EQSD1V" ignored="0" name="Default test" tests="2" failures="0" timestamp="03 May 2021 14:59:22 GMT" time="25.677" errors="0">
  <testcase name="validateInventoryManageVendorTitleTest" time="4.451" classname="com.virventure.qa.testcases.InventoryPageTest"/>
  <testcase name="validateInventoryManageVendorLableTest" time="4.276" classname="com.virventure.qa.testcases.InventoryPageTest"/>
</testsuite> <!-- Default test -->
