<?xml version="1.0" encoding="UTF-8"?>
<!-- Generated by org.testng.reporters.JUnitXMLReporter -->
<testsuite hostname="DESKTOP-8EQSD1V" ignored="4" name="Default test" tests="4" failures="0" timestamp="19 May 2021 13:30:20 GMT" time="65.014" errors="0">
  <testcase name="FBMOrderPageFilterByVenueTest" time="9.324" classname="com.virventure.qa.testcases.FBMOrdersPageTest"/>
  <testcase name="FBMOrderPageFilterByVenueTest" time="8.988" classname="com.virventure.qa.testcases.FBMOrdersPageTest"/>
  <testcase name="FBMOrderPageFilterByVenueTest" time="9.799" classname="com.virventure.qa.testcases.FBMOrdersPageTest"/>
  <testcase name="FBMOrderPageFilterByVenueTest" time="9.141" classname="com.virventure.qa.testcases.FBMOrdersPageTest"/>
  <testcase name="FBMOrderPageListTest" time="0.0" classname="com.virventure.qa.testcases.FBMOrdersPageTest">
    <ignored/>
  </testcase> <!-- FBMOrderPageListTest -->
  <testcase name="FBMOrderPageLAbleTest" time="0.0" classname="com.virventure.qa.testcases.FBMOrdersPageTest">
    <ignored/>
  </testcase> <!-- FBMOrderPageLAbleTest -->
  <testcase name="FBMOrderPageTitleTest" time="0.0" classname="com.virventure.qa.testcases.FBMOrdersPageTest">
    <ignored/>
  </testcase> <!-- FBMOrderPageTitleTest -->
  <testcase name="FBMOrderPageEditTest" time="0.0" classname="com.virventure.qa.testcases.FBMOrdersPageTest">
    <ignored/>
  </testcase> <!-- FBMOrderPageEditTest -->
</testsuite> <!-- Default test -->
